{
  "RSpec": {
    "coverage": {
      "/Users/litobot/turing/mod_2/exercises/lingering-river-6982/config/environment.rb": {
        "lines": [
          null,
          1,
          null,
          null,
          1
        ]
      },
      "/Users/litobot/turing/mod_2/exercises/lingering-river-6982/config/application.rb": {
        "lines": [
          1,
          null,
          1,
          null,
          1,
          1,
          1,
          1,
          1,
          1,
          1,
          1,
          1,
          1,
          null,
          null,
          null,
          null,
          1,
          null,
          1,
          1,
          null,
          1,
          null,
          null,
          null,
          null,
          null,
          null,
          null,
          null,
          null,
          null,
          1,
          null,
          null
        ]
      },
      "/Users/litobot/turing/mod_2/exercises/lingering-river-6982/config/boot.rb": {
        "lines": [
          1,
          null,
          1,
          1
        ]
      },
      "/Users/litobot/turing/mod_2/exercises/lingering-river-6982/config/environments/test.rb": {
        "lines": [
          1,
          null,
          null,
          null,
          null,
          null,
          null,
          1,
          null,
          null,
          null,
          1,
          null,
          null,
          null,
          null,
          1,
          null,
          null,
          1,
          1,
          null,
          null,
          null,
          null,
          1,
          1,
          1,
          null,
          null,
          1,
          null,
          null,
          1,
          null,
          null,
          1,
          null,
          1,
          null,
          null,
          null,
          null,
          1,
          null,
          null,
          1,
          null,
          null,
          1,
          null,
          null,
          1,
          null,
          null,
          null,
          null,
          null,
          null,
          null
        ]
      },
      "/Users/litobot/turing/mod_2/exercises/lingering-river-6982/config/initializers/assets.rb": {
        "lines": [
          null,
          null,
          null,
          1,
          null,
          null,
          null,
          null,
          null,
          null,
          null,
          null
        ]
      },
      "/Users/litobot/turing/mod_2/exercises/lingering-river-6982/config/initializers/content_security_policy.rb": {
        "lines": [
          null,
          null,
          null,
          null,
          null,
          null,
          null,
          null,
          null,
          null,
          null,
          null,
          null,
          null,
          null,
          null,
          null,
          null,
          null,
          null,
          null,
          null,
          null,
          null,
          null
        ]
      },
      "/Users/litobot/turing/mod_2/exercises/lingering-river-6982/config/initializers/filter_parameter_logging.rb": {
        "lines": [
          null,
          null,
          null,
          null,
          null,
          1,
          null,
          null
        ]
      },
      "/Users/litobot/turing/mod_2/exercises/lingering-river-6982/config/initializers/inflections.rb": {
        "lines": [
          null,
          null,
          null,
          null,
          null,
          null,
          null,
          null,
          null,
          null,
          null,
          null,
          null,
          null,
          null,
          null
        ]
      },
      "/Users/litobot/turing/mod_2/exercises/lingering-river-6982/config/initializers/permissions_policy.rb": {
        "lines": [
          null,
          null,
          null,
          null,
          null,
          null,
          null,
          null,
          null,
          null,
          null
        ]
      },
      "/Users/litobot/turing/mod_2/exercises/lingering-river-6982/config/routes.rb": {
        "lines": [
          1,
          null,
          null,
          null,
          null,
          1,
          1,
          1,
          null
        ]
      },
      "/Users/litobot/turing/mod_2/exercises/lingering-river-6982/app/helpers/application_helper.rb": {
        "lines": [
          1,
          null
        ]
      },
      "/Users/litobot/turing/mod_2/exercises/lingering-river-6982/spec/features/scientist/show_spec.rb": {
        "lines": [
          1,
          null,
          1,
          1,
          2,
          2,
          2,
          2,
          2,
          2,
          2,
          2,
          2,
          2,
          2,
          null,
          1,
          1,
          null,
          1,
          1,
          1,
          null,
          1,
          null,
          1,
          1,
          2,
          2,
          null,
          null,
          null,
          null,
          null,
          1,
          1,
          null,
          1,
          1,
          1,
          null,
          1,
          1,
          null,
          null,
          1,
          1,
          null,
          1,
          1,
          1,
          null,
          1,
          1,
          1,
          1,
          null,
          null,
          null
        ]
      },
      "/Users/litobot/turing/mod_2/exercises/lingering-river-6982/spec/models/experiment_spec.rb": {
        "lines": [
          1,
          null,
          1,
          2,
          2,
          null
        ]
      },
      "/Users/litobot/turing/mod_2/exercises/lingering-river-6982/app/models/experiment.rb": {
        "lines": [
          1,
          1,
          1,
          null,
          1,
          1,
          null,
          null
        ]
      },
      "/Users/litobot/turing/mod_2/exercises/lingering-river-6982/app/models/application_record.rb": {
        "lines": [
          1,
          1,
          null
        ]
      },
      "/Users/litobot/turing/mod_2/exercises/lingering-river-6982/spec/models/lab_spec.rb": {
        "lines": [
          1,
          null,
          1,
          2,
          null
        ]
      },
      "/Users/litobot/turing/mod_2/exercises/lingering-river-6982/app/models/lab.rb": {
        "lines": [
          1,
          1,
          null
        ]
      },
      "/Users/litobot/turing/mod_2/exercises/lingering-river-6982/spec/models/scientist_experiment_spec.rb": {
        "lines": [
          1,
          null,
          1,
          2,
          2,
          null
        ]
      },
      "/Users/litobot/turing/mod_2/exercises/lingering-river-6982/app/models/scientist_experiment.rb": {
        "lines": [
          1,
          1,
          1,
          null
        ]
      },
      "/Users/litobot/turing/mod_2/exercises/lingering-river-6982/spec/models/scientist_spec.rb": {
        "lines": [
          1,
          null,
          1,
          2,
          2,
          2,
          null
        ]
      },
      "/Users/litobot/turing/mod_2/exercises/lingering-river-6982/app/models/scientist.rb": {
        "lines": [
          1,
          1,
          1,
          1,
          null
        ]
      },
      "/Users/litobot/turing/mod_2/exercises/lingering-river-6982/app/controllers/experiments_controller.rb": {
        "lines": [
          1,
          1,
          1,
          null,
          null
        ]
      },
      "/Users/litobot/turing/mod_2/exercises/lingering-river-6982/app/controllers/application_controller.rb": {
        "lines": [
          1,
          null
        ]
      },
      "/Users/litobot/turing/mod_2/exercises/lingering-river-6982/app/controllers/scientists_controller.rb": {
        "lines": [
          1,
          1,
          4,
          null,
          null
        ]
      },
      "/Users/litobot/turing/mod_2/exercises/lingering-river-6982/app/controllers/scientist_experiments_controller.rb": {
        "lines": [
          1,
          1,
          1,
          1,
          1,
          1,
          null,
          null
        ]
      }
    },
    "timestamp": 1722912295
  }
}
